This file contains any messages produced by compilers while
running configure, to aid debugging if configure makes a mistake.

It was created by curl configure -, which was
generated by GNU Autoconf 2.71.  Invocation command line was

  $ ./configure

## --------- ##
## Platform. ##
## --------- ##

hostname = DESKTOP-CUFA9OU
uname -m = x86_64
uname -r = 5.15.133.1-microsoft-standard-WSL2
uname -s = Linux
uname -v = #1 SMP Thu Oct 5 21:02:42 UTC 2023

/usr/bin/uname -p = x86_64
/bin/uname -X     = unknown

/bin/arch              = x86_64
/usr/bin/arch -k       = unknown
/usr/convex/getsysinfo = unknown
/usr/bin/hostinfo      = unknown
/bin/machine           = unknown
/usr/bin/oslevel       = unknown
/bin/universe          = unknown

PATH: /home/soham/.local/bin/
PATH: /home/soham/.nvm/versions/node/v18.19.0/bin/
PATH: /usr/local/sbin/
PATH: /usr/local/bin/
PATH: /usr/sbin/
PATH: /usr/bin/
PATH: /sbin/
PATH: /bin/
PATH: /usr/games/
PATH: /usr/local/games/
PATH: /usr/lib/wsl/lib/
PATH: /mnt/c/WINDOWS/system32/
PATH: /mnt/c/WINDOWS/
PATH: /mnt/c/WINDOWS/System32/Wbem/
PATH: /mnt/c/WINDOWS/System32/WindowsPowerShell/v1.0/
PATH: /mnt/c/WINDOWS/System32/OpenSSH/
PATH: /mnt/c/Program Files/PuTTY/
PATH: /mnt/c/Program Files/Microsoft VS Code/bin/
PATH: /mnt/c/Program Files/NVIDIA Corporation/NVIDIA NvDLISR/
PATH: /mnt/c/Program Files/Git/cmd/
PATH: /mnt/c/Users/soham/AppData/Local/Microsoft/WindowsApps/
PATH: /mnt/c/MinGW/bin/
PATH: /snap/bin/


## ----------- ##
## Core tests. ##
## ----------- ##

configure:3326: looking for aux files: ltmain.sh config.guess config.sub missing compile install-sh
configure:3339:  trying ./
configure:3368:   ./ltmain.sh found
configure:3368:   ./config.guess found
configure:3368:   ./config.sub found
configure:3368:   ./missing found
configure:3368:   ./compile found
configure:3350:   ./install-sh found
configure:3494: checking whether to enable maintainer-specific portions of Makefiles
configure:3504: result: no
configure:3529: checking whether make supports nested variables
configure:3547: result: yes
configure:3560: checking whether to enable debug build options
configure:3583: result: no
configure:3587: checking whether to enable compiler optimizer
configure:3609: result: (assumed) yes
configure:3621: checking whether to enable strict compiler warnings
configure:3641: result: no
configure:3645: checking whether to enable compiler warnings as errors
configure:3665: result: no
configure:3669: checking whether to enable curl debug memory tracking
configure:3692: result: no
configure:3709: checking whether to enable hiding of library internal symbols
configure:3726: result: yes
configure:3737: checking whether to enable c-ares for DNS lookups
configure:3760: result: no
configure:3764: checking whether to disable dependency on -lrt
configure:3781: result: (assumed no)
configure:3792: checking whether to enable ECH support
configure:3811: result: no
configure:3842: checking for path separator
configure:3844: result: :
configure:3864: checking for sed
configure:3888: found /usr/bin/sed
configure:3901: result: /usr/bin/sed
configure:3918: checking for grep
configure:3942: found /usr/bin/grep
configure:3955: result: /usr/bin/grep
configure:3970: checking that grep -E works
configure:3974: result: yes
configure:4086: checking for ar
configure:4110: found /usr/bin/ar
configure:4122: result: /usr/bin/ar
configure:4343: checking for a BSD-compatible install
configure:4416: result: /usr/bin/install -c
configure:4493: checking for gcc
configure:4514: found /usr/bin/gcc
configure:4525: result: gcc
configure:4878: checking for C compiler version
configure:4887: gcc --version >&5
gcc (Ubuntu 11.4.0-1ubuntu1~22.04) 11.4.0
Copyright (C) 2021 Free Software Foundation, Inc.
This is free software; see the source for copying conditions.  There is NO
warranty; not even for MERCHANTABILITY or FITNESS FOR A PARTICULAR PURPOSE.

configure:4898: $? = 0
configure:4887: gcc -v >&5
Using built-in specs.
COLLECT_GCC=gcc
COLLECT_LTO_WRAPPER=/usr/lib/gcc/x86_64-linux-gnu/11/lto-wrapper
OFFLOAD_TARGET_NAMES=nvptx-none:amdgcn-amdhsa
OFFLOAD_TARGET_DEFAULT=1
Target: x86_64-linux-gnu
Configured with: ../src/configure -v --with-pkgversion='Ubuntu 11.4.0-1ubuntu1~22.04' --with-bugurl=file:///usr/share/doc/gcc-11/README.Bugs --enable-languages=c,ada,c++,go,brig,d,fortran,objc,obj-c++,m2 --prefix=/usr --with-gcc-major-version-only --program-suffix=-11 --program-prefix=x86_64-linux-gnu- --enable-shared --enable-linker-build-id --libexecdir=/usr/lib --without-included-gettext --enable-threads=posix --libdir=/usr/lib --enable-nls --enable-bootstrap --enable-clocale=gnu --enable-libstdcxx-debug --enable-libstdcxx-time=yes --with-default-libstdcxx-abi=new --enable-gnu-unique-object --disable-vtable-verify --enable-plugin --enable-default-pie --with-system-zlib --enable-libphobos-checking=release --with-target-system-zlib=auto --enable-objc-gc=auto --enable-multiarch --disable-werror --enable-cet --with-arch-32=i686 --with-abi=m64 --with-multilib-list=m32,m64,mx32 --enable-multilib --with-tune=generic --enable-offload-targets=nvptx-none=/build/gcc-11-XeT9lY/gcc-11-11.4.0/debian/tmp-nvptx/usr,amdgcn-amdhsa=/build/gcc-11-XeT9lY/gcc-11-11.4.0/debian/tmp-gcn/usr --without-cuda-driver --enable-checking=release --build=x86_64-linux-gnu --host=x86_64-linux-gnu --target=x86_64-linux-gnu --with-build-config=bootstrap-lto-lean --enable-link-serialization=2
Thread model: posix
Supported LTO compression algorithms: zlib zstd
gcc version 11.4.0 (Ubuntu 11.4.0-1ubuntu1~22.04) 
... rest of stderr output deleted ...
configure:4898: $? = 0
configure:4887: gcc -V >&5
gcc: error: unrecognized command-line option '-V'
gcc: fatal error: no input files
compilation terminated.
configure:4898: $? = 1
configure:4887: gcc -qversion >&5
gcc: error: unrecognized command-line option '-qversion'; did you mean '--version'?
gcc: fatal error: no input files
compilation terminated.
configure:4898: $? = 1
configure:4887: gcc -version >&5
gcc: error: unrecognized command-line option '-version'
gcc: fatal error: no input files
compilation terminated.
configure:4898: $? = 1
configure:4917: checking whether the C compiler works
configure:4939: gcc    conftest.c  >&5
configure:4943: $? = 0
configure:4993: result: yes
configure:4996: checking for C compiler default output file name
configure:4998: result: a.out
configure:5004: checking for suffix of executables
configure:5011: gcc -o conftest    conftest.c  >&5
configure:5015: $? = 0
configure:5038: result: 
configure:5059: checking whether we are cross compiling
configure:5067: gcc -o conftest    conftest.c  >&5
configure:5071: $? = 0
configure:5078: ./conftest
configure:5082: $? = 0
configure:5097: result: no
configure:5102: checking for suffix of object files
configure:5124: gcc -c   conftest.c >&5
configure:5128: $? = 0
configure:5150: result: o
configure:5154: checking whether the compiler supports GNU C
configure:5173: gcc -c   conftest.c >&5
configure:5173: $? = 0
configure:5183: result: yes
configure:5194: checking whether gcc accepts -g
configure:5214: gcc -c -g  conftest.c >&5
configure:5214: $? = 0
configure:5256: result: yes
configure:5276: checking for gcc option to enable C11 features
configure:5291: gcc  -c -g -O2  conftest.c >&5
configure:5291: $? = 0
configure:5309: result: none needed
configure:5425: checking whether gcc understands -c and -o together
configure:5447: gcc -c conftest.c -o conftest2.o
configure:5450: $? = 0
configure:5447: gcc -c conftest.c -o conftest2.o
configure:5450: $? = 0
configure:5462: result: yes
configure:5485: checking how to run the C preprocessor
configure:5511: gcc -E  conftest.c
configure:5511: $? = 0
configure:5526: gcc -E  conftest.c
conftest.c:9:10: fatal error: ac_nonexistent.h: No such file or directory
    9 | #include <ac_nonexistent.h>
      |          ^~~~~~~~~~~~~~~~~~
compilation terminated.
configure:5526: $? = 1
configure: failed program was:
| /* confdefs.h */
| #define PACKAGE_NAME "curl"
| #define PACKAGE_TARNAME "curl"
| #define PACKAGE_VERSION "-"
| #define PACKAGE_STRING "curl -"
| #define PACKAGE_BUGREPORT "a suitable curl mailing list: https://curl.se/mail/"
| #define PACKAGE_URL ""
| /* end confdefs.h.  */
| #include <ac_nonexistent.h>
configure:5553: result: gcc -E
configure:5567: gcc -E  conftest.c
configure:5567: $? = 0
configure:5582: gcc -E  conftest.c
conftest.c:9:10: fatal error: ac_nonexistent.h: No such file or directory
    9 | #include <ac_nonexistent.h>
      |          ^~~~~~~~~~~~~~~~~~
compilation terminated.
configure:5582: $? = 1
configure: failed program was:
| /* confdefs.h */
| #define PACKAGE_NAME "curl"
| #define PACKAGE_TARNAME "curl"
| #define PACKAGE_VERSION "-"
| #define PACKAGE_STRING "curl -"
| #define PACKAGE_BUGREPORT "a suitable curl mailing list: https://curl.se/mail/"
| #define PACKAGE_URL ""
| /* end confdefs.h.  */
| #include <ac_nonexistent.h>
configure:5628: checking for stdio.h
configure:5628: gcc -c   conftest.c >&5
configure:5628: $? = 0
configure:5628: result: yes
configure:5628: checking for stdlib.h
configure:5628: gcc -c   conftest.c >&5
configure:5628: $? = 0
configure:5628: result: yes
configure:5628: checking for string.h
configure:5628: gcc -c   conftest.c >&5
configure:5628: $? = 0
configure:5628: result: yes
configure:5628: checking for inttypes.h
configure:5628: gcc -c   conftest.c >&5
configure:5628: $? = 0
configure:5628: result: yes
configure:5628: checking for stdint.h
configure:5628: gcc -c   conftest.c >&5
configure:5628: $? = 0
configure:5628: result: yes
configure:5628: checking for strings.h
configure:5628: gcc -c   conftest.c >&5
configure:5628: $? = 0
configure:5628: result: yes
configure:5628: checking for sys/stat.h
configure:5628: gcc -c   conftest.c >&5
configure:5628: $? = 0
configure:5628: result: yes
configure:5628: checking for sys/types.h
configure:5628: gcc -c   conftest.c >&5
configure:5628: $? = 0
configure:5628: result: yes
configure:5628: checking for unistd.h
configure:5628: gcc -c   conftest.c >&5
configure:5628: $? = 0
configure:5628: result: yes
configure:5656: checking for stdatomic.h
configure:5656: gcc -c   conftest.c >&5
configure:5656: $? = 0
configure:5656: result: yes
configure:5661: checking if _Atomic is available
configure:5680: gcc -o conftest    conftest.c  >&5
configure:5680: $? = 0
configure:5683: result: yes
configure:5705: checking for a sed that does not truncate output
configure:5775: result: /usr/bin/sed
configure:5783: checking for code coverage support
configure:5799: result: no
configure:5964: checking whether build environment is sane
configure:6019: result: yes
configure:6174: checking for a race-free mkdir -p
configure:6218: result: /usr/bin/mkdir -p
configure:6225: checking for gawk
configure:6246: found /usr/bin/gawk
configure:6257: result: gawk
configure:6268: checking whether make sets $(MAKE)
configure:6291: result: yes
configure:6313: checking whether make supports the include directive
configure:6328: make -f confmf.GNU && cat confinc.out
this is the am__doit target
configure:6331: $? = 0
configure:6350: result: yes (GNU style)
configure:6447: checking dependency style of gcc
configure:6559: result: gcc3
configure:6636: checking curl version
configure:6638: result: 8.5.0
configure:6934: checking for httpd
configure:6972: result: no
configure:6980: checking for apache2
configure:7018: result: no
configure:7026: checking for apachectl
configure:7064: result: no
configure:7071: checking for apxs
configure:7109: result: no
configure:7115: httpd/apache2 not in PATH, http tests disabled
configure:7120: apxs not in PATH, http tests disabled
configure:7160: checking for nghttpx
configure:7199: result: no
configure:7212: checking for caddy
configure:7250: result: no
configure:7260: error: select TLS backend(s) or disable TLS with --without-ssl.

Select from these:

  --with-amissl
  --with-bearssl
  --with-gnutls
  --with-mbedtls
  --with-openssl (also works for BoringSSL and libressl)
  --with-rustls
  --with-schannel
  --with-secure-transport
  --with-wolfssl


## ---------------- ##
## Cache variables. ##
## ---------------- ##

ac_cv_c_compiler_gnu=yes
ac_cv_env_CC_set=
ac_cv_env_CC_value=
ac_cv_env_CFLAGS_set=
ac_cv_env_CFLAGS_value=
ac_cv_env_CPPFLAGS_set=
ac_cv_env_CPPFLAGS_value=
ac_cv_env_CPP_set=
ac_cv_env_CPP_value=
ac_cv_env_LDFLAGS_set=
ac_cv_env_LDFLAGS_value=
ac_cv_env_LIBS_set=
ac_cv_env_LIBS_value=
ac_cv_env_LT_SYS_LIBRARY_PATH_set=
ac_cv_env_LT_SYS_LIBRARY_PATH_value=
ac_cv_env_build_alias_set=
ac_cv_env_build_alias_value=
ac_cv_env_host_alias_set=
ac_cv_env_host_alias_value=
ac_cv_env_target_alias_set=
ac_cv_env_target_alias_value=
ac_cv_header_inttypes_h=yes
ac_cv_header_stdatomic_h=yes
ac_cv_header_stdint_h=yes
ac_cv_header_stdio_h=yes
ac_cv_header_stdlib_h=yes
ac_cv_header_string_h=yes
ac_cv_header_strings_h=yes
ac_cv_header_sys_stat_h=yes
ac_cv_header_sys_types_h=yes
ac_cv_header_unistd_h=yes
ac_cv_objext=o
ac_cv_path_GREP=/usr/bin/grep
ac_cv_path_SED=/usr/bin/sed
ac_cv_path_ac_pt_AR=/usr/bin/ar
ac_cv_path_install='/usr/bin/install -c'
ac_cv_path_mkdir=/usr/bin/mkdir
ac_cv_prog_AWK=gawk
ac_cv_prog_CPP='gcc -E'
ac_cv_prog_ac_ct_CC=gcc
ac_cv_prog_cc_c11=
ac_cv_prog_cc_g=yes
ac_cv_prog_cc_stdc=
ac_cv_prog_make_make_set=yes
am_cv_CC_dependencies_compiler_type=gcc3
am_cv_make_support_nested_variables=yes
am_cv_prog_cc_c_o=yes

## ----------------- ##
## Output variables. ##
## ----------------- ##

ACLOCAL='${SHELL} '\''/home/soham/remp/curl-8.5.0/missing'\'' aclocal-1.16'
AMDEPBACKSLASH='\'
AMDEP_FALSE='#'
AMDEP_TRUE=''
AMTAR='$${TAR-tar}'
AM_BACKSLASH='\'
AM_DEFAULT_V='$(AM_DEFAULT_VERBOSITY)'
AM_DEFAULT_VERBOSITY='0'
AM_V='$(V)'
APACHECTL=''
APXS=''
AR='/usr/bin/ar'
AR_FLAGS=''
AS=''
AUTOCONF='${SHELL} '\''/home/soham/remp/curl-8.5.0/missing'\'' autoconf'
AUTOHEADER='${SHELL} '\''/home/soham/remp/curl-8.5.0/missing'\'' autoheader'
AUTOMAKE='${SHELL} '\''/home/soham/remp/curl-8.5.0/missing'\'' automake-1.16'
AWK='gawk'
BLANK_AT_MAKETIME=''
BUILD_LIBHOSTNAME_FALSE=''
BUILD_LIBHOSTNAME_TRUE=''
BUILD_STUB_GSS_FALSE=''
BUILD_STUB_GSS_TRUE=''
BUILD_UNITTESTS_FALSE=''
BUILD_UNITTESTS_TRUE=''
CADDY=''
CC='gcc'
CCDEPMODE='depmode=gcc3'
CFLAGS=''
CFLAG_CURL_SYMBOL_HIDING=''
CONFIGURE_OPTIONS='""'
CPP='gcc -E'
CPPFLAGS=''
CPPFLAG_CURL_STATICLIB=''
CROSSCOMPILING_FALSE=''
CROSSCOMPILING_TRUE=''
CSCOPE='cscope'
CTAGS='ctags'
CURLDEBUG_FALSE=''
CURLDEBUG_TRUE=''
CURLVERSION='8.5.0'
CURL_CA_BUNDLE=''
CURL_CFLAG_EXTRAS=''
CURL_DISABLE_DICT=''
CURL_DISABLE_FILE=''
CURL_DISABLE_FTP=''
CURL_DISABLE_GOPHER=''
CURL_DISABLE_HTTP=''
CURL_DISABLE_IMAP=''
CURL_DISABLE_LDAP=''
CURL_DISABLE_LDAPS=''
CURL_DISABLE_MQTT=''
CURL_DISABLE_POP3=''
CURL_DISABLE_PROXY=''
CURL_DISABLE_RTSP=''
CURL_DISABLE_SMB=''
CURL_DISABLE_SMTP=''
CURL_DISABLE_TELNET=''
CURL_DISABLE_TFTP=''
CURL_LT_SHLIB_USE_MIMPURE_TEXT_FALSE=''
CURL_LT_SHLIB_USE_MIMPURE_TEXT_TRUE=''
CURL_LT_SHLIB_USE_NO_UNDEFINED_FALSE=''
CURL_LT_SHLIB_USE_NO_UNDEFINED_TRUE=''
CURL_LT_SHLIB_USE_VERSIONED_SYMBOLS_FALSE=''
CURL_LT_SHLIB_USE_VERSIONED_SYMBOLS_TRUE=''
CURL_LT_SHLIB_USE_VERSION_INFO_FALSE=''
CURL_LT_SHLIB_USE_VERSION_INFO_TRUE=''
CURL_LT_SHLIB_VERSIONED_FLAVOUR=''
CURL_NETWORK_AND_TIME_LIBS=''
CURL_NETWORK_LIBS=''
CURL_PLIST_VERSION=''
CURL_WITH_MULTI_SSL=''
CYGPATH_W='echo'
DEFAULT_SSL_BACKEND=''
DEFS=''
DEPDIR='.deps'
DLLTOOL=''
DOING_CURL_SYMBOL_HIDING_FALSE=''
DOING_CURL_SYMBOL_HIDING_TRUE=''
DOING_NATIVE_WINDOWS_FALSE=''
DOING_NATIVE_WINDOWS_TRUE=''
DSYMUTIL=''
DUMPBIN=''
ECHO_C=''
ECHO_N='-n'
ECHO_T=''
EGREP='/usr/bin/grep -E'
ENABLE_SHARED=''
ENABLE_STATIC=''
ETAGS='etags'
EXEEXT=''
FGREP=''
FILECMD=''
FISH_FUNCTIONS_DIR=''
GCOV=''
GREP='/usr/bin/grep'
HAVE_BROTLI=''
HAVE_GNUTLS_SRP=''
HAVE_LDAP_SSL=''
HAVE_LIBZ=''
HAVE_LIBZ_FALSE=''
HAVE_LIBZ_TRUE=''
HAVE_OPENSSL_SRP=''
HAVE_PROTO_BSDSOCKET_H=''
HAVE_WINDRES_FALSE=''
HAVE_WINDRES_TRUE=''
HAVE_ZSTD=''
HTTPD=''
HTTPD_NGHTTPX=''
IDN_ENABLED=''
INSTALL_DATA='${INSTALL} -m 644'
INSTALL_PROGRAM='${INSTALL}'
INSTALL_SCRIPT='${INSTALL}'
INSTALL_STRIP_PROGRAM='$(install_sh) -c -s'
IPV6_ENABLED=''
LCOV=''
LD=''
LDFLAGS=''
LIBCURL_LIBS=''
LIBCURL_NO_SHARED=''
LIBOBJS=''
LIBS=''
LIBTOOL=''
LIPO=''
LN_S=''
LTLIBOBJS=''
LT_SYS_LIBRARY_PATH=''
MAINT='#'
MAINTAINER_MODE_FALSE=''
MAINTAINER_MODE_TRUE='#'
MAKEINFO='${SHELL} '\''/home/soham/remp/curl-8.5.0/missing'\'' makeinfo'
MANIFEST_TOOL=''
MANOPT=''
MKDIR_P='/usr/bin/mkdir -p'
NM=''
NMEDIT=''
NROFF=''
OBJDUMP=''
OBJEXT='o'
OTOOL64=''
OTOOL=''
PACKAGE='curl'
PACKAGE_BUGREPORT='a suitable curl mailing list: https://curl.se/mail/'
PACKAGE_NAME='curl'
PACKAGE_STRING='curl -'
PACKAGE_TARNAME='curl'
PACKAGE_URL=''
PACKAGE_VERSION='-'
PATH_SEPARATOR=':'
PERL=''
PKGADD_NAME='curl - a client that groks URLs'
PKGADD_PKG='HAXXcurl'
PKGADD_VENDOR='curl.se'
PKGCONFIG=''
RANDOM_FILE=''
RANLIB=''
RC=''
REQUIRE_LIB_DEPS=''
SED='/usr/bin/sed'
SET_MAKE=''
SHELL='/bin/bash'
SSL_BACKENDS=''
SSL_ENABLED=''
SSL_LIBS=''
STRIP=''
SUPPORT_FEATURES=''
SUPPORT_PROTOCOLS=''
TEST_NGHTTPX='nghttpx'
USE_ARES=''
USE_BEARSSL=''
USE_CPPFLAG_CURL_STATICLIB_FALSE=''
USE_CPPFLAG_CURL_STATICLIB_TRUE=''
USE_EXPLICIT_LIB_DEPS_FALSE=''
USE_EXPLICIT_LIB_DEPS_TRUE=''
USE_GNUTLS=''
USE_GSASL_FALSE=''
USE_GSASL_TRUE=''
USE_HYPER=''
USE_LIBPSL_FALSE=''
USE_LIBPSL_TRUE=''
USE_LIBRTMP=''
USE_LIBSSH2=''
USE_LIBSSH=''
USE_MANUAL_FALSE=''
USE_MANUAL_TRUE=''
USE_MBEDTLS=''
USE_MSH3=''
USE_NGHTTP2=''
USE_NGHTTP3=''
USE_NGTCP2=''
USE_NGTCP2_CRYPTO_GNUTLS=''
USE_NGTCP2_CRYPTO_QUICTLS=''
USE_NGTCP2_CRYPTO_WOLFSSL=''
USE_OPENLDAP=''
USE_QUICHE=''
USE_RUSTLS=''
USE_SCHANNEL=''
USE_SECTRANSP=''
USE_UNIX_SOCKETS=''
USE_WIN32_CRYPTO=''
USE_WIN32_LARGE_FILES=''
USE_WIN32_SMALL_FILES=''
USE_WINDOWS_SSPI=''
USE_WOLFSSH=''
USE_WOLFSSL=''
VERSION='-'
VERSIONNUM='080500'
ZLIB_LIBS=''
ZSH_FUNCTIONS_DIR=''
ac_ct_AR=''
ac_ct_CC='gcc'
ac_ct_DUMPBIN=''
am__EXEEXT_FALSE=''
am__EXEEXT_TRUE=''
am__fastdepCC_FALSE='#'
am__fastdepCC_TRUE=''
am__include='include'
am__isrc=''
am__leading_dot='.'
am__nodep='_no'
am__quote=''
am__tar='$${TAR-tar} chof - "$$tardir"'
am__untar='$${TAR-tar} xf -'
bindir='${exec_prefix}/bin'
build=''
build_alias=''
build_cpu=''
build_os=''
build_vendor=''
datadir='${datarootdir}'
datarootdir='${prefix}/share'
docdir='${datarootdir}/doc/${PACKAGE_TARNAME}'
dvidir='${docdir}'
exec_prefix='NONE'
host=''
host_alias=''
host_cpu=''
host_os=''
host_vendor=''
htmldir='${docdir}'
includedir='${prefix}/include'
infodir='${datarootdir}/info'
install_sh='${SHELL} /home/soham/remp/curl-8.5.0/install-sh'
libdir='${exec_prefix}/lib'
libexecdir='${exec_prefix}/libexec'
libext=''
localedir='${datarootdir}/locale'
localstatedir='${prefix}/var'
mandir='${datarootdir}/man'
mkdir_p='$(MKDIR_P)'
oldincludedir='/usr/include'
pdfdir='${docdir}'
prefix='NONE'
program_transform_name='s,x,x,'
psdir='${docdir}'
runstatedir='${localstatedir}/run'
sbindir='${exec_prefix}/sbin'
sharedstatedir='${prefix}/com'
sysconfdir='${prefix}/etc'
target_alias=''

## ----------- ##
## confdefs.h. ##
## ----------- ##

/* confdefs.h */
#define PACKAGE_NAME "curl"
#define PACKAGE_TARNAME "curl"
#define PACKAGE_VERSION "-"
#define PACKAGE_STRING "curl -"
#define PACKAGE_BUGREPORT "a suitable curl mailing list: https://curl.se/mail/"
#define PACKAGE_URL ""
#define HAVE_STDIO_H 1
#define HAVE_STDLIB_H 1
#define HAVE_STRING_H 1
#define HAVE_INTTYPES_H 1
#define HAVE_STDINT_H 1
#define HAVE_STRINGS_H 1
#define HAVE_SYS_STAT_H 1
#define HAVE_SYS_TYPES_H 1
#define HAVE_UNISTD_H 1
#define STDC_HEADERS 1
#define HAVE_STDATOMIC_H 1
#define HAVE_ATOMIC 1
#define PACKAGE "curl"
#define VERSION "-"

configure: exit 1
